<?xml version="1.0" encoding="UTF-8"?>
<testsuite name="me.pavva.pokejava.TypeTest" tests="2" skipped="0" failures="0" errors="0" timestamp="2018-09-13T14:17:16" hostname="Users-MacBook-Pro.local" time="0.001">
  <properties/>
  <testcase name="doStabCheck" classname="me.pavva.pokejava.TypeTest" time="0.0"/>
  <testcase name="doEffectCheck" classname="me.pavva.pokejava.TypeTest" time="0.0"/>
  <system-out><![CDATA[]]></system-out>
  <system-err><![CDATA[]]></system-err>
</testsuite>
